\\PSF\HOME\DESKTOP\MAZEPROJECT\DEBUG\CELL.OBJ
\\PSF\HOME\DESKTOP\MAZEPROJECT\DEBUG\INTEGERSTACK.OBJ
\\PSF\HOME\DESKTOP\MAZEPROJECT\DEBUG\MAIN.OBJ
\\PSF\HOME\DESKTOP\MAZEPROJECT\DEBUG\VC110.PDB
C:\USERS\GEOFF\DESKTOP\MAZEPROJECT\DEBUG\CELL.OBJ
C:\USERS\GEOFF\DESKTOP\MAZEPROJECT\DEBUG\INTEGERSTACK.OBJ
C:\USERS\GEOFF\DESKTOP\MAZEPROJECT\DEBUG\VC110.PDB
\\PSF\HOME\DESKTOP\MAZEPROJECT\DEBUG\MAZEPROJECT.ILK
\\PSF\HOME\DESKTOP\MAZEPROJECT\DEBUG\MAZEPROJECT.EXE
\\PSF\HOME\DESKTOP\MAZEPROJECT\DEBUG\MAZEPROJECT.PDB
C:\Users\Geoff\Desktop\MazeProject\Debug\cell.obj
C:\Users\Geoff\Desktop\MazeProject\Debug\IntegerStack.obj
C:\Users\Geoff\Desktop\MazeProject\Debug\MazeProject.ilk
C:\Users\Geoff\Desktop\MazeProject\Debug\cl.command.1.tlog
C:\Users\Geoff\Desktop\MazeProject\Debug\cl.read.1.tlog
C:\Users\Geoff\Desktop\MazeProject\Debug\cl.write.1.tlog
C:\Users\Geoff\Desktop\MazeProject\Debug\link-cvtres.read.1.tlog
C:\Users\Geoff\Desktop\MazeProject\Debug\link-cvtres.write.1.tlog
C:\Users\Geoff\Desktop\MazeProject\Debug\link-rc.read.1.tlog
C:\Users\Geoff\Desktop\MazeProject\Debug\link-rc.write.1.tlog
C:\Users\Geoff\Desktop\MazeProject\Debug\link.1476-cvtres.read.1.tlog
C:\Users\Geoff\Desktop\MazeProject\Debug\link.1476-cvtres.write.1.tlog
C:\Users\Geoff\Desktop\MazeProject\Debug\link.1476-rc.read.1.tlog
C:\Users\Geoff\Desktop\MazeProject\Debug\link.1476-rc.write.1.tlog
C:\Users\Geoff\Desktop\MazeProject\Debug\link.1476.read.1.tlog
C:\Users\Geoff\Desktop\MazeProject\Debug\link.1476.write.1.tlog
C:\Users\Geoff\Desktop\MazeProject\Debug\link.4712-cvtres.read.1.tlog
C:\Users\Geoff\Desktop\MazeProject\Debug\link.4712-cvtres.write.1.tlog
C:\Users\Geoff\Desktop\MazeProject\Debug\link.4712-rc.read.1.tlog
C:\Users\Geoff\Desktop\MazeProject\Debug\link.4712-rc.write.1.tlog
C:\Users\Geoff\Desktop\MazeProject\Debug\link.4712.read.1.tlog
C:\Users\Geoff\Desktop\MazeProject\Debug\link.4712.write.1.tlog
C:\Users\Geoff\Desktop\MazeProject\Debug\link.command.1.tlog
C:\Users\Geoff\Desktop\MazeProject\Debug\link.read.1.tlog
C:\Users\Geoff\Desktop\MazeProject\Debug\link.write.1.tlog
C:\Users\Geoff\Desktop\MazeProject\Debug\vc110.idb
C:\Users\Geoff\Desktop\MazeProject\Debug\MazeProject.pdb
C:\Users\Geoff\Desktop\MazeProject\Debug\vc110.pdb
C:\Users\Geoff\Desktop\MazeProject\Debug\MazeProject.exe
